Determining if the pthread_create exist failed with the following output:
Change Dir: /home/zluo/work/relion/cmake/CMakeFiles/CMakeTmp

Run Build Command:"/usr/bin/make" "cmTC_e2dbe/fast"
/usr/bin/make -f CMakeFiles/cmTC_e2dbe.dir/build.make CMakeFiles/cmTC_e2dbe.dir/build
make[1]: Entering directory `/home/zluo/work/relion/cmake/CMakeFiles/CMakeTmp'
Building C object CMakeFiles/cmTC_e2dbe.dir/CheckSymbolExists.c.o
/usr/bin/cc    -fPIC    -o CMakeFiles/cmTC_e2dbe.dir/CheckSymbolExists.c.o   -c /home/zluo/work/relion/cmake/CMakeFiles/CMakeTmp/CheckSymbolExists.c
Linking C executable cmTC_e2dbe
/usr/local/bin/cmake -E cmake_link_script CMakeFiles/cmTC_e2dbe.dir/link.txt --verbose=1
/usr/bin/cc  -fPIC     CMakeFiles/cmTC_e2dbe.dir/CheckSymbolExists.c.o  -o cmTC_e2dbe -rdynamic 
CMakeFiles/cmTC_e2dbe.dir/CheckSymbolExists.c.o: In function `main':
CheckSymbolExists.c:(.text+0x1b): undefined reference to `pthread_create'
collect2: error: ld returned 1 exit status
make[1]: *** [cmTC_e2dbe] Error 1
make[1]: Leaving directory `/home/zluo/work/relion/cmake/CMakeFiles/CMakeTmp'
make: *** [cmTC_e2dbe/fast] Error 2

File /home/zluo/work/relion/cmake/CMakeFiles/CMakeTmp/CheckSymbolExists.c:
/* */
#include <pthread.h>

int main(int argc, char** argv)
{
  (void)argv;
#ifndef pthread_create
  return ((int*)(&pthread_create))[argc];
#else
  (void)argc;
  return 0;
#endif
}

Determining if the function pthread_create exists in the pthreads failed with the following output:
Change Dir: /home/zluo/work/relion/cmake/CMakeFiles/CMakeTmp

Run Build Command:"/usr/bin/make" "cmTC_ee4b5/fast"
/usr/bin/make -f CMakeFiles/cmTC_ee4b5.dir/build.make CMakeFiles/cmTC_ee4b5.dir/build
make[1]: Entering directory `/home/zluo/work/relion/cmake/CMakeFiles/CMakeTmp'
Building C object CMakeFiles/cmTC_ee4b5.dir/CheckFunctionExists.c.o
/usr/bin/cc    -fPIC -DCHECK_FUNCTION_EXISTS=pthread_create   -o CMakeFiles/cmTC_ee4b5.dir/CheckFunctionExists.c.o   -c /usr/local/share/cmake-3.5/Modules/CheckFunctionExists.c
Linking C executable cmTC_ee4b5
/usr/local/bin/cmake -E cmake_link_script CMakeFiles/cmTC_ee4b5.dir/link.txt --verbose=1
/usr/bin/cc  -fPIC -DCHECK_FUNCTION_EXISTS=pthread_create    CMakeFiles/cmTC_ee4b5.dir/CheckFunctionExists.c.o  -o cmTC_ee4b5 -rdynamic -lpthreads 
/usr/bin/ld: cannot find -lpthreads
collect2: error: ld returned 1 exit status
make[1]: *** [cmTC_ee4b5] Error 1
make[1]: Leaving directory `/home/zluo/work/relion/cmake/CMakeFiles/CMakeTmp'
make: *** [cmTC_ee4b5/fast] Error 2


Determining if the __sincos exist failed with the following output:
Change Dir: /home/zluo/work/relion/cmake/CMakeFiles/CMakeTmp

Run Build Command:"/usr/bin/make" "cmTC_c2a37/fast"
/usr/bin/make -f CMakeFiles/cmTC_c2a37.dir/build.make CMakeFiles/cmTC_c2a37.dir/build
make[1]: Entering directory `/home/zluo/work/relion/cmake/CMakeFiles/CMakeTmp'
Building CXX object CMakeFiles/cmTC_c2a37.dir/CheckSymbolExists.cxx.o
/usr/bin/c++     -fopenmp    -o CMakeFiles/cmTC_c2a37.dir/CheckSymbolExists.cxx.o -c /home/zluo/work/relion/cmake/CMakeFiles/CMakeTmp/CheckSymbolExists.cxx
Linking CXX executable cmTC_c2a37
/usr/local/bin/cmake -E cmake_link_script CMakeFiles/cmTC_c2a37.dir/link.txt --verbose=1
/usr/bin/c++    -fopenmp     CMakeFiles/cmTC_c2a37.dir/CheckSymbolExists.cxx.o  -o cmTC_c2a37 -rdynamic 
CMakeFiles/cmTC_c2a37.dir/CheckSymbolExists.cxx.o: In function `main':
CheckSymbolExists.cxx:(.text+0x16): undefined reference to `__sincos'
collect2: error: ld returned 1 exit status
make[1]: *** [cmTC_c2a37] Error 1
make[1]: Leaving directory `/home/zluo/work/relion/cmake/CMakeFiles/CMakeTmp'
make: *** [cmTC_c2a37/fast] Error 2

File /home/zluo/work/relion/cmake/CMakeFiles/CMakeTmp/CheckSymbolExists.cxx:
/* */
#include <math.h>

int main(int argc, char** argv)
{
  (void)argv;
#ifndef __sincos
  return ((int*)(&__sincos))[argc];
#else
  (void)argc;
  return 0;
#endif
}

